INFO:root:Getting page 503877&v=XP
INFO:root:Downloading 5 images.
INFO:root:"Introduction: Where did the idea to do this ride come from?" page written to file.
INFO:root:Getting page 503877&v=XP
INFO:root:Downloading 5 images
INFO:root:"Introduction: Where did the idea to do this ride come from?" page written to file.
INFO:root:Getting page 504009&v=We
INFO:root:Getting page 507261&v=Tb
INFO:root:Getting page 503877&v=XP
INFO:root:Getting page 507129&v=Uv
INFO:root:Getting page 506493&v=WI
INFO:root:Getting page 508297&v=RO
INFO:root:Downloading 1 images
INFO:root:Downloading 5 images
INFO:root:Downloading 5 images
INFO:root:Downloading 0 images
INFO:root:"Ride Style" page written to file.
INFO:root:Getting page 507125&v=VC
INFO:root:Downloading 5 images
INFO:root:Downloading 2 images
INFO:root:Downloading 4 images
INFO:root:"Route concept plan" page written to file.
INFO:root:Getting page 507130&v=V8
INFO:root:Downloading 10 images
INFO:root:"Route Detail plan" page written to file.
INFO:root:Getting page 507270&v=U7
INFO:root:Downloading 15 images
INFO:root:"Second Tandem tour Nov 2015: Lithgow - Black Springs - Taralga - Swallowtail Tra" page written to file.
INFO:root:Getting page 503970&v=Wo
INFO:root:"First tour on the tandem 2013: Singleton to Lithgow" page written to file.
INFO:root:Getting page 504012&v=Wx
INFO:root:"Introduction: Where did the idea to do this ride come from?" page written to file.
INFO:root:Getting page 506114&v=W5
INFO:root:"Commuting: Sydney Easy Riders" page written to file.
INFO:root:Getting page 506656&v=Vf
INFO:root:Downloading 2 images
INFO:root:Downloading 2 images
INFO:root:Downloading 1 images
INFO:root:Downloading 1 images
INFO:root:"Bike Tools: Titanium spanner" page written to file.
INFO:root:Getting page 506949&v=VE
INFO:root:"Front Wheel problem: Distorting dynamo hub wheel" page written to file.
INFO:root:Getting page 506952&v=V9
INFO:root:"Boxing the Tandem: Trial packing of tandem to see if it fits in our boxes" page written to file.
INFO:root:Getting page 508223&v=SD
INFO:root:Downloading 0 images
INFO:root:"Rear Wheel problem: Stuck Rohloff Sprocket" page written to file.
INFO:root:Getting page 508422&v=Re
INFO:root:"Strategies for minimising weight and bulk: Ultralight items" page written to file.
INFO:root:Getting page 509338&v=Qe
INFO:root:Downloading 0 images
INFO:root:"Dynamo Light and USB charger: Switching failure" page written to file.
INFO:root:Getting page 514011&v=Pz
INFO:root:Downloading 0 images
INFO:root:"Electronics, Lights and Communications" page written to file.
INFO:root:Getting page 514111&v=Pn
INFO:root:Downloading 0 images
INFO:root:"Packing List plan: Detailed, with weights in g." page written to file.
INFO:root:Getting page 515186&v=QA
INFO:root:Downloading 1 images
INFO:root:Downloading 0 images
INFO:root:"Strava Dilemma: What to do with a tandem, body weight and power calculations" page written to file.
INFO:root:Getting page 515357&v=Pi
INFO:root:Downloading 1 images
INFO:root:Downloading 5 images
INFO:root:Downloading 11 images
INFO:root:"Our Tandem: Ewen Gellie custom - details" page written to file.
INFO:root:Getting page 515754&v=Pa
INFO:root:"At Sydney airport with all our stuff" page written to file.
INFO:root:Getting page 515758&v=PJ
INFO:root:Downloading 7 images
INFO:root:Downloading 10 images
INFO:root:"Third Tandem tour March 2016: The Hell of the West - off road - Lithgow and Bice" page written to file.
INFO:root:Getting page 516091&v=Ot
INFO:root:Downloading 7 images
INFO:root:"3 countries in a day: Day 2 Dover to Calais to Ypres" page written to file.
INFO:root:Getting page 516094&v=P7
INFO:root:Downloading 14 images
INFO:root:"Belgium continued: Day 3" page written to file.
INFO:root:Getting page 516279&v=O0
INFO:root:"Fourth overnight tandem ride Oct 2016 with ER: Mittagong Taralga Return via Womb" page written to file.
INFO:root:Getting page 516622&v=NO
INFO:root:Downloading 8 images
INFO:root:Downloading 9 images
INFO:root:"Brussels to senelles: A canoe polo day" page written to file.
INFO:root:Getting page 516772&v=NB
INFO:root:Downloading 8 images
INFO:root:"To Brussels: Day 4" page written to file.
INFO:root:Getting page 516486&v=NP
INFO:root:"Hastings to Dover: Day 1 of many" page written to file.
INFO:root:Getting page 516953&v=Mf
INFO:root:Downloading 5 images
INFO:root:Downloading 5 images
INFO:root:"Bastogne to Remich on the Luxembourg  Germany border: A fairly hard day" page written to file.
INFO:root:Getting page 517140&v=MY
INFO:root:"To Colmar by the vineyard route" page written to file.
INFO:root:Getting page 517322&v=MX
INFO:root:Downloading 10 images
INFO:root:Downloading 17 images
INFO:root:"Dinant to Bastogne: A hard day in the saddle" page written to file.
INFO:root:Getting page 517471&v=MQ
INFO:root:"Tunsdorf Germany to Sarre-union France: 870 km total so far" page written to file.
INFO:root:Getting page 517675&v=Le
INFO:root:"To Strasbourg by hills and canals: Day 10 and 1000 km so far" page written to file.
INFO:root:Getting page 517854&v=Kt
INFO:root:Downloading 16 images
INFO:root:Downloading 15 images
INFO:root:Downloading 9 images
INFO:root:"Seneffe to Dinant and beyond: It rained" page written to file.
INFO:root:Getting page 518048&v=Ke
INFO:root:Downloading 9 images
INFO:root:"To Basle - 1182 km so far: The tour d'alsace" page written to file.
INFO:root:Getting page 518223&v=KJ
INFO:root:"Rest day at Grindelwald: Up the Jungfrau - by cog railway" page written to file.
INFO:root:Getting page 518436&v=Jh
INFO:root:Downloading 17 images
INFO:root:Downloading 15 images
INFO:root:"Grindelwald to Meiringen: Back by the other side of the lake" page written to file.
INFO:root:Getting page 518515&v=Iq
INFO:root:Downloading 0 images
INFO:root:"Rest day: Staying with friends" page written to file.
INFO:root:Getting page 518525&v=J1
INFO:root:Downloading 2 images
INFO:root:"Meiringen to Grindelwald: Over the Grosse Scheidegg pass at 1961m" page written to file.
INFO:root:Getting page 518705&v=Ip
INFO:root:"Basel to Lucerne: A hilly one" page written to file.
INFO:root:Getting page 518908&v=Ih
INFO:root:"Gear Update: What's worked out differently to expected" page written to file.
INFO:root:Getting page 519183&v=It
INFO:root:"Lucerne to Meiringen: Total 1375km to date" page written to file.
INFO:root:Getting page 519406&v=Hl
INFO:root:Downloading 1 images
INFO:root:Downloading 10 images
INFO:root:Downloading 5 images
INFO:root:Downloading 6 images
INFO:root:"Rest day: Day 21; Raining" page written to file.
INFO:root:Getting page 519415&v=Hr
INFO:root:Downloading 7 images
INFO:root:"Thonon les Bains to Geneva and then almost to Annecy: Following the Rhone route" page written to file.
INFO:root:Getting page 519836&v=Hx
INFO:root:Downloading 17 images
INFO:root:"Annecy to the Col de La Colombiers 1613m: Into the Alps again" page written to file.
INFO:root:Getting page 519840&v=HL
INFO:root:Downloading 7 images
INFO:root:"To Samoens: Odometer now 2006km" page written to file.
INFO:root:Getting page 520039&v=Gn
INFO:root:"To Sion" page written to file.
INFO:root:Getting page 520037&v=Gu
INFO:root:Downloading 1 images
INFO:root:Downloading 3 images
INFO:root:"Near Sion to Thonon les Bains: On the road again: day 22" page written to file.
INFO:root:Getting page 520214&v=Gc
INFO:root:"An actual rest day" page written to file.
INFO:root:Getting page 520467&v=G8
INFO:root:"Meiringen to Ernen: Over the Grimsel pass at 2162m" page written to file.
INFO:root:Getting page 520473&v=GE
INFO:root:Downloading 11 images
INFO:root:Downloading 12 images
INFO:root:Downloading 5 images
INFO:root:"Round tour bike ride and Parapente" page written to file.
INFO:root:Getting page 520618&v=Fj
INFO:root:Downloading 4 images
INFO:root:"Alpine walking day: Another non cycling day" page written to file.
INFO:root:Getting page 520745&v=Ft
INFO:root:Downloading 10 images
INFO:root:"Col Des Saisies 1650m: 2216 kms since start" page written to file.
INFO:root:Getting page 520894&v=FT
INFO:root:Downloading 4 images
INFO:root:"Bourg st Maurice to Val d'Isere: From 800m to 1800m" page written to file.
INFO:root:Getting page 521048&v=FW
INFO:root:Downloading 10 images
INFO:root:"Modane to St Colombian des Villards: A circular route to approach another mounta" page written to file.
INFO:root:Getting page 521151&v=F3
INFO:root:Downloading 8 images
INFO:root:"Cirque du Fer and then to Flumet via St Gervais les Bains.: To 2170km" page written to file.
INFO:root:Getting page 521436&v=Eh
INFO:root:"Via Ferrata day: A non cycling day" page written to file.
INFO:root:Getting page 521445&v=EU
INFO:root:Downloading 11 images
INFO:root:Downloading 11 images
INFO:root:"Cormet de Roselend 1968m" page written to file.
INFO:root:Getting page 521602&v=Dg
INFO:root:"Over the Col de l'Iserain: Highest pass in Europe at 2770m; total kms 2367" page written to file.
INFO:root:Getting page 521686&v=Dg
INFO:root:Downloading 2 images
INFO:root:Downloading 5 images
INFO:root:"Briancon to just before Embrun: And a via Ferrata- la Balme" page written to file.
INFO:root:Getting page 521846&v=DI
INFO:root:Downloading 6 images
INFO:root:"Over Alpe d'Huez" page written to file.
INFO:root:Getting page 521952&v=DO
INFO:root:"Col du Glandon and Col de la Croix de Fer: Two cols in one day!" page written to file.
INFO:root:Getting page 522321&v=Cf
INFO:root:Downloading 9 images
INFO:root:Downloading 5 images
INFO:root:"To Sisteron: Via Embrun and Tallard" page written to file.
INFO:root:Getting page 522325&v=CN
INFO:root:Downloading 6 images
INFO:root:"Col de Sarenne 1990m" page written to file.
INFO:root:Getting page 522444&v=CJ
INFO:root:"Col de Galibier 2645m: Then on to Briancon" page written to file.
INFO:root:Getting page 522561&v=Bp
INFO:root:Downloading 11 images
INFO:root:"To Sault: Via col de Negron 1242m" page written to file.
INFO:root:Getting page 522790&v=BL
INFO:root:Downloading 10 images
INFO:root:"Avignon to somewhere on a road about 20km before Ales" page written to file.
INFO:root:Getting page 522791&v=BM
INFO:root:Downloading 4 images
INFO:root:Downloading 7 images
INFO:root:"To Florac: A 5 col day in the Massif Central" page written to file.
INFO:root:Getting page 523058&v=B4
INFO:root:"Mont Ventoux: Up the Sault side and down the Malaucene side" page written to file.
INFO:root:Getting page 523107&v=Al
INFO:root:Downloading 5 images
INFO:root:Downloading 4 images
INFO:root:"Millau to Bedarieux" page written to file.
INFO:root:Getting page 523181&v=Al
INFO:root:Downloading 8 images
INFO:root:"Bedarieux to Olonzac" page written to file.
INFO:root:Getting page 523366&v=9p
INFO:root:"Montreal to Foix via Mirepoix" page written to file.
INFO:root:Getting page 523505&v=9u
INFO:root:Downloading 1 images
INFO:root:"Olonzac to Montreal via Carcassonne" page written to file.
INFO:root:Getting page 523630&v=9r
INFO:root:Downloading 8 images
INFO:root:Downloading 13 images
INFO:root:"Rest day at Ax les Thermes" page written to file.
INFO:root:Getting page 523778&v=9H
INFO:root:"Via Ferrata du Rochefort: An activity day" page written to file.
INFO:root:Getting page 523931&v=8X
INFO:root:"Tarn Gorge to Millau Bridge: A holiday within a holiday" page written to file.
INFO:root:Getting page 524009&v=7Z
INFO:root:Downloading 8 images
INFO:root:Downloading 10 images
INFO:root:Downloading 0 images
INFO:root:"Observations on the countries we have ridden through" page written to file.
INFO:root:Getting page 523933&v=82
INFO:root:Downloading 0 images
INFO:root:"Pinks guide to campsite selection" page written to file.
INFO:root:Getting page 524008&v=85
INFO:root:Downloading 9 images
INFO:root:"Foix to Ax les Thermes" page written to file.
INFO:root:Getting page 524180&v=7F
INFO:root:Downloading 1 images
INFO:root:"Ainsa to Jaca: Through the 2.7km long tunnel" page written to file.
INFO:root:Getting page 524275&v=7T
INFO:root:Downloading 7 images
INFO:root:"Andorra" page written to file.
INFO:root:Getting page 524368&v=73
INFO:root:Downloading 9 images
INFO:root:"Sort to El Pont de Suert: Spanish Pyrenees in Catalunya" page written to file.
INFO:root:Getting page 524516&v=6h
INFO:root:Downloading 7 images
INFO:root:"El Pont de Suerte to Castejon de Sos" page written to file.
INFO:root:Getting page 524607&v=6Q
INFO:root:"Caseljon de Sos to Ainsa: Spectacular gorge and white water kayaking" page written to file.
INFO:root:Getting page 524742&v=69
INFO:root:Downloading 6 images
INFO:root:Downloading 4 images
INFO:root:"Spain; La Seu d'Urgell to Sort" page written to file.
INFO:root:Getting page 524883&v=5V
INFO:root:"Jaca to Ochagavia: With Mary and Ben from Washington not the DC one." page written to file.
INFO:root:Getting page 524869&v=5y
INFO:root:Downloading 5 images
INFO:root:Downloading 0 images
INFO:root:"Tandem communication" page written to file.
INFO:root:Getting page 525010&v=5X
INFO:root:Downloading 5 images
INFO:root:"Ochagavia to St Jean Pied de Paul: Rendezvous with friends and over the Pyrenees" page written to file.
INFO:root:Getting page 525086&v=5U
INFO:root:"Mimizan to La Teste (just past Dune du Pilat): On the Velodysee" page written to file.
INFO:root:Getting page 525264&v=4y
INFO:root:Downloading 8 images
INFO:root:"To the Atlantic!: To just north of Bayonne" page written to file.
INFO:root:Getting page 525358&v=4c
INFO:root:Downloading 5 images
INFO:root:Downloading 7 images
INFO:root:"Bayonne to Mimizan" page written to file.
INFO:root:Getting page 525506&v=4Q
INFO:root:Downloading 6 images
INFO:root:"Lacenau Ocean to Royan" page written to file.
INFO:root:Getting page 525619&v=4D
INFO:root:"La Teste to Lacenau Ocean: Beach cruising" page written to file.
INFO:root:Getting page 525712&v=3k
INFO:root:Downloading 6 images
INFO:root:Downloading 5 images
INFO:root:"To St Vincent sur Mer" page written to file.
INFO:root:Getting page 525800&v=3X
INFO:root:Downloading 6 images
INFO:root:"To St Jean de Mont" page written to file.
INFO:root:Getting page 525931&v=3K
INFO:root:"To Pornic: Via Noirmoutier en L'Ile" page written to file.
INFO:root:Getting page 526038&v=2s
INFO:root:"Near Nantes to Blaine" page written to file.
INFO:root:Getting page 526121&v=2V
INFO:root:Downloading 9 images
INFO:root:"Royan to La Rochelle via Rochefort" page written to file.
INFO:root:Getting page 526214&v=2N
INFO:root:Downloading 5 images
INFO:root:Downloading 5 images
INFO:root:Downloading 4 images
INFO:root:"Pornic to Nantes" page written to file.
INFO:root:Getting page 526406&v=1o
INFO:root:Downloading 4 images
INFO:root:"Blain to Malestroit via Redon" page written to file.
INFO:root:Getting page 526516&v=1n
INFO:root:Downloading 8 images
INFO:root:"Morlaix to Treguier: Headed East across the North coast of Brittany" page written to file.
INFO:root:Getting page 526676&v=1R
INFO:root:"Pontivy to Carhaix: It rained" page written to file.
INFO:root:Getting page 526776&v=15
INFO:root:"Carhaix to Morlaix" page written to file.
INFO:root:Getting page 526912&v=f
INFO:root:Downloading 6 images
INFO:root:"To Saint Brieuc and a bit further to Yffiniac" page written to file.
INFO:root:Getting page 527024&v=z
INFO:root:Downloading 5 images
INFO:root:Downloading 0 images
INFO:root:"St Malo to Portsmouth: On the ferry" page written to file.
INFO:root:Getting page 527932&v=H
INFO:root:Downloading 7 images
INFO:root:Downloading 0 images
INFO:root:"Equipment" page written to file.
INFO:root:Getting page 528249&v=7
INFO:root:Downloading 0 images
INFO:root:"Item by item comments" page written to file.
INFO:root:"Malestroit to Pontivy via town of Rohan: Riders of Rohan" page written to file.
INFO:root:"St Benoit des Ondes to St Lunaire: Via Cancale and Saint Malo" page written to file.
INFO:root:"Yffiniac to Dinard: And back a bit" page written to file.
INFO:root:"Mont St Michel" page written to file.
INFO:root:"Portsmouth to Hastings: The final day of the tour" page written to file.
